  [1m[35m (291.6ms)[0m  [1m[35mCREATE DATABASE "beer_api_development" ENCODING = 'unicode'[0m
  [1m[35m (365.2ms)[0m  [1m[35mCREATE DATABASE "beer_api_test" ENCODING = 'unicode'[0m
  [1m[35m (41.7ms)[0m  [1m[35mCREATE TABLE "schema_migrations" ("version" character varying NOT NULL PRIMARY KEY)[0m
  [1m[35m (32.0ms)[0m  [1m[35mCREATE TABLE "ar_internal_metadata" ("key" character varying NOT NULL PRIMARY KEY, "value" character varying, "created_at" timestamp(6) NOT NULL, "updated_at" timestamp(6) NOT NULL)[0m
  [1m[35m (4.1ms)[0m  [1m[34mSELECT pg_try_advisory_lock(1908011972976811380)[0m
  [1m[35m (3.2ms)[0m  [1m[34mSELECT "schema_migrations"."version" FROM "schema_migrations" ORDER BY "schema_migrations"."version" ASC[0m
Migrating to CreateBeers (20191212223120)
  [1m[35m (0.3ms)[0m  [1m[35mBEGIN[0m
  [1m[35m (46.3ms)[0m  [1m[35mCREATE TABLE "beers" ("id" bigserial primary key, "name" character varying, "img" character varying, "brand" character varying, "alcohol" character varying, "created_at" timestamp(6) NOT NULL, "updated_at" timestamp(6) NOT NULL)[0m
  [1m[36mprimary::SchemaMigration Create (3.6ms)[0m  [1m[32mINSERT INTO "schema_migrations" ("version") VALUES ($1) RETURNING "version"[0m  [["version", "20191212223120"]]
  [1m[35m (2.3ms)[0m  [1m[35mCOMMIT[0m
  [1m[36mActiveRecord::InternalMetadata Load (0.9ms)[0m  [1m[34mSELECT "ar_internal_metadata".* FROM "ar_internal_metadata" WHERE "ar_internal_metadata"."key" = $1 LIMIT $2[0m  [["key", "environment"], ["LIMIT", 1]]
  [1m[35m (0.2ms)[0m  [1m[35mBEGIN[0m
  [1m[36mActiveRecord::InternalMetadata Create (4.8ms)[0m  [1m[32mINSERT INTO "ar_internal_metadata" ("key", "value", "created_at", "updated_at") VALUES ($1, $2, $3, $4) RETURNING "key"[0m  [["key", "environment"], ["value", "development"], ["created_at", "2019-12-12 22:32:18.326059"], ["updated_at", "2019-12-12 22:32:18.326059"]]
  [1m[35m (2.2ms)[0m  [1m[35mCOMMIT[0m
  [1m[35m (0.4ms)[0m  [1m[34mSELECT pg_advisory_unlock(1908011972976811380)[0m
  [1m[35m (1.3ms)[0m  [1m[34mSELECT "schema_migrations"."version" FROM "schema_migrations" ORDER BY "schema_migrations"."version" ASC[0m
  [1m[35m (1.1ms)[0m  [1m[34mSELECT "schema_migrations"."version" FROM "schema_migrations" ORDER BY "schema_migrations"."version" ASC[0m
  [1m[35m (0.8ms)[0m  [1m[34mSELECT "schema_migrations"."version" FROM "schema_migrations" ORDER BY "schema_migrations"."version" ASC[0m
  [1m[35m (0.7ms)[0m  [1m[34mSELECT "schema_migrations"."version" FROM "schema_migrations" ORDER BY "schema_migrations"."version" ASC[0m
  [1m[35m (0.7ms)[0m  [1m[34mSELECT "schema_migrations"."version" FROM "schema_migrations" ORDER BY "schema_migrations"."version" ASC[0m
  [1m[35m (0.7ms)[0m  [1m[34mSELECT "schema_migrations"."version" FROM "schema_migrations" ORDER BY "schema_migrations"."version" ASC[0m
  [1m[35m (1.0ms)[0m  [1m[34mSELECT "schema_migrations"."version" FROM "schema_migrations" ORDER BY "schema_migrations"."version" ASC[0m
  [1m[35m (0.3ms)[0m  [1m[35mBEGIN[0m
  [1m[36mBeer Create (7.7ms)[0m  [1m[32mINSERT INTO "beers" ("name", "img", "brand", "alcohol", "created_at", "updated_at") VALUES ($1, $2, $3, $4, $5, $6) RETURNING "id"[0m  [["name", "Ryan Gosling"], ["img", "http://coolspotters.com/files/photos/591533/ryan-gosling-large.jpg?1357449177"], ["brand", "Scorpio"], ["alcohol", "6.3%"], ["created_at", "2019-12-12 23:06:45.543797"], ["updated_at", "2019-12-12 23:06:45.543797"]]
  [1m[35m (2.5ms)[0m  [1m[35mCOMMIT[0m
  [1m[35m (0.3ms)[0m  [1m[35mBEGIN[0m
  [1m[36mBeer Create (0.5ms)[0m  [1m[32mINSERT INTO "beers" ("name", "img", "brand", "alcohol", "created_at", "updated_at") VALUES ($1, $2, $3, $4, $5, $6) RETURNING "id"[0m  [["name", "Sauron"], ["img", "http://ia.media-imdb.com/images/M/MV5BMTc0Njk5NDQwNl5BMl5BanBnXkFtZTYwNTU3NTky._V1_SX150_CR0,0,150,150_.jpg"], ["brand", "Taurus"], ["alcohol", "6.3%"], ["created_at", "2019-12-12 23:06:45.560418"], ["updated_at", "2019-12-12 23:06:45.560418"]]
  [1m[35m (5.7ms)[0m  [1m[35mCOMMIT[0m
Started GET "/beers" for ::1 at 2019-12-12 18:07:50 -0500
  [1m[35m (0.7ms)[0m  [1m[34mSELECT "schema_migrations"."version" FROM "schema_migrations" ORDER BY "schema_migrations"."version" ASC[0m
Processing by BeersController#index as HTML
  [1m[36mBeer Load (9.5ms)[0m  [1m[34mSELECT "beers".* FROM "beers"[0m
  ↳ app/controllers/beers_controller.rb:8:in `index'
Completed 200 OK in 40ms (Views: 22.4ms | ActiveRecord: 14.7ms | Allocations: 6160)


Started GET "/favicon.ico" for ::1 at 2019-12-12 18:07:50 -0500
  
ActionController::RoutingError (No route matches [GET] "/favicon.ico"):
  
actionpack (6.0.1) lib/action_dispatch/middleware/debug_exceptions.rb:36:in `call'
actionpack (6.0.1) lib/action_dispatch/middleware/show_exceptions.rb:33:in `call'
railties (6.0.1) lib/rails/rack/logger.rb:38:in `call_app'
railties (6.0.1) lib/rails/rack/logger.rb:26:in `block in call'
activesupport (6.0.1) lib/active_support/tagged_logging.rb:80:in `block in tagged'
activesupport (6.0.1) lib/active_support/tagged_logging.rb:28:in `tagged'
activesupport (6.0.1) lib/active_support/tagged_logging.rb:80:in `tagged'
railties (6.0.1) lib/rails/rack/logger.rb:26:in `call'
actionpack (6.0.1) lib/action_dispatch/middleware/remote_ip.rb:81:in `call'
actionpack (6.0.1) lib/action_dispatch/middleware/request_id.rb:27:in `call'
rack (2.0.7) lib/rack/runtime.rb:22:in `call'
activesupport (6.0.1) lib/active_support/cache/strategy/local_cache_middleware.rb:29:in `call'
actionpack (6.0.1) lib/action_dispatch/middleware/executor.rb:14:in `call'
actionpack (6.0.1) lib/action_dispatch/middleware/static.rb:126:in `call'
rack (2.0.7) lib/rack/sendfile.rb:111:in `call'
actionpack (6.0.1) lib/action_dispatch/middleware/host_authorization.rb:83:in `call'
railties (6.0.1) lib/rails/engine.rb:526:in `call'
puma (4.3.1) lib/puma/configuration.rb:228:in `call'
puma (4.3.1) lib/puma/server.rb:681:in `handle_request'
puma (4.3.1) lib/puma/server.rb:472:in `process_client'
puma (4.3.1) lib/puma/server.rb:328:in `block in run'
puma (4.3.1) lib/puma/thread_pool.rb:134:in `block in spawn_thread'
Started GET "/beers" for ::1 at 2019-12-12 18:09:53 -0500
Processing by BeersController#index as HTML
  [1m[36mBeer Load (0.6ms)[0m  [1m[34mSELECT "beers".* FROM "beers"[0m
  ↳ app/controllers/beers_controller.rb:8:in `index'
Completed 200 OK in 5ms (Views: 4.3ms | ActiveRecord: 0.6ms | Allocations: 1130)


  [1m[35m (1.0ms)[0m  [1m[34mSELECT "schema_migrations"."version" FROM "schema_migrations" ORDER BY "schema_migrations"."version" ASC[0m
  [1m[35m (0.2ms)[0m  [1m[35mBEGIN[0m
  [1m[36mBeer Create (0.7ms)[0m  [1m[32mINSERT INTO "beers" ("name", "img", "brand", "alcohol", "created_at", "updated_at") VALUES ($1, $2, $3, $4, $5, $6) RETURNING "id"[0m  [["name", "Ryan Gosling"], ["img", "https://encrypted-tbn0.gstatic.com/images?q=tbn:ANd9GcTjzHL4aufOK1Efmt3oipIU3S2RGLCkWFkuUGJziPR6fS2itjKfEQ&s"], ["brand", "Scorpio"], ["alcohol", "6.3%"], ["created_at", "2019-12-12 23:10:18.889609"], ["updated_at", "2019-12-12 23:10:18.889609"]]
  [1m[35m (2.2ms)[0m  [1m[35mCOMMIT[0m
  [1m[35m (0.2ms)[0m  [1m[35mBEGIN[0m
  [1m[36mBeer Create (0.3ms)[0m  [1m[32mINSERT INTO "beers" ("name", "img", "brand", "alcohol", "created_at", "updated_at") VALUES ($1, $2, $3, $4, $5, $6) RETURNING "id"[0m  [["name", "Sauron"], ["img", "http://ia.media-imdb.com/images/M/MV5BMTc0Njk5NDQwNl5BMl5BanBnXkFtZTYwNTU3NTky._V1_SX150_CR0,0,150,150_.jpg"], ["brand", "Taurus"], ["alcohol", "6.3%"], ["created_at", "2019-12-12 23:10:18.897278"], ["updated_at", "2019-12-12 23:10:18.897278"]]
  [1m[35m (2.0ms)[0m  [1m[35mCOMMIT[0m
Started GET "/beers" for ::1 at 2019-12-12 18:10:28 -0500
  [1m[35m (1.4ms)[0m  [1m[34mSELECT "schema_migrations"."version" FROM "schema_migrations" ORDER BY "schema_migrations"."version" ASC[0m
Processing by BeersController#index as HTML
  [1m[36mBeer Load (0.9ms)[0m  [1m[34mSELECT "beers".* FROM "beers"[0m
  ↳ app/controllers/beers_controller.rb:8:in `index'
Completed 200 OK in 24ms (Views: 12.4ms | ActiveRecord: 9.0ms | Allocations: 6463)


Started GET "/" for ::1 at 2019-12-12 18:11:40 -0500
Processing by Rails::WelcomeController#index as HTML
  Rendering /Users/michelecreanzaair/.rbenv/versions/2.6.3/lib/ruby/gems/2.6.0/gems/railties-6.0.1/lib/rails/templates/rails/welcome/index.html.erb
  Rendered /Users/michelecreanzaair/.rbenv/versions/2.6.3/lib/ruby/gems/2.6.0/gems/railties-6.0.1/lib/rails/templates/rails/welcome/index.html.erb (Duration: 18.7ms | Allocations: 307)
Completed 200 OK in 47ms (Views: 31.4ms | ActiveRecord: 0.0ms | Allocations: 1510)


Started GET "/" for ::1 at 2019-12-12 18:11:48 -0500
Processing by Rails::WelcomeController#index as HTML
  Rendering /Users/michelecreanzaair/.rbenv/versions/2.6.3/lib/ruby/gems/2.6.0/gems/railties-6.0.1/lib/rails/templates/rails/welcome/index.html.erb
  Rendered /Users/michelecreanzaair/.rbenv/versions/2.6.3/lib/ruby/gems/2.6.0/gems/railties-6.0.1/lib/rails/templates/rails/welcome/index.html.erb (Duration: 11.1ms | Allocations: 191)
Completed 200 OK in 14ms (Views: 12.4ms | ActiveRecord: 0.0ms | Allocations: 704)


Started GET "/beers" for ::1 at 2019-12-12 18:11:56 -0500
Processing by BeersController#index as HTML
  [1m[36mBeer Load (0.6ms)[0m  [1m[34mSELECT "beers".* FROM "beers"[0m
  ↳ app/controllers/beers_controller.rb:8:in `index'
Completed 200 OK in 6ms (Views: 4.4ms | ActiveRecord: 0.6ms | Allocations: 1400)


